<?xml version="1.0" encoding="UTF-8"?>
<!-- Generated by org.testng.reporters.JUnitXMLReporter -->
<testsuite ignored="0" hostname="LAPTOP-RC594NRM" failures="0" tests="3" name="Default test" time="43.646" errors="0" timestamp="2024-05-15T08:15:44 IST">
  <testcase classname="SeleniumFramework.tests.SubmitOrderTest" name="SubmitOrder" time="14.458"/>
  <testcase classname="SeleniumFramework.tests.SubmitOrderTest" name="SubmitOrder" time="14.422"/>
  <testcase classname="SeleniumFramework.tests.SubmitOrderTest" name="Ordervalidation" time="0.685"/>
</testsuite> <!-- Default test -->
