<?xml version="1.0" encoding="UTF-8"?>
<testng-results ignored="0" total="3" passed="3" failed="0" skipped="0">
  <reporter-output>
  </reporter-output>
  <suite started-at="2024-05-15T08:15:01 IST" name="Default suite" finished-at="2024-05-15T08:15:44 IST" duration-ms="43646">
    <groups>
      <group name="PurchaseOrder">
        <method signature="SubmitOrderTest.SubmitOrder(java.util.HashMap)[pri:0, instance:SeleniumFramework.tests.SubmitOrderTest@150ab4ed]" name="SubmitOrder" class="SeleniumFramework.tests.SubmitOrderTest"/>
      </group> <!-- PurchaseOrder -->
    </groups>
    <test started-at="2024-05-15T08:15:01 IST" name="Default test" finished-at="2024-05-15T08:15:44 IST" duration-ms="43646">
      <class name="SeleniumFramework.tests.SubmitOrderTest">
        <test-method is-config="true" signature="launchApplication()[pri:0, instance:SeleniumFramework.tests.SubmitOrderTest@150ab4ed]" started-at="2024-05-15T08:15:01 IST" name="launchApplication" finished-at="2024-05-15T08:15:09 IST" duration-ms="8185" status="PASS">
          <reporter-output>
          </reporter-output>
        </test-method> <!-- launchApplication -->
        <test-method signature="SubmitOrder(java.util.HashMap)[pri:0, instance:SeleniumFramework.tests.SubmitOrderTest@150ab4ed]" started-at="2024-05-15T08:15:09 IST" name="SubmitOrder" data-provider="getData1" finished-at="2024-05-15T08:15:24 IST" duration-ms="14458" status="PASS">
          <params>
            <param index="0">
              <value>
                <![CDATA[{pwd=Test@123, Username=ss123@gmail.com, productName=ZARA COAT 3}]]>
              </value>
            </param>
          </params>
          <reporter-output>
          </reporter-output>
        </test-method> <!-- SubmitOrder -->
        <test-method is-config="true" signature="teardown()[pri:0, instance:SeleniumFramework.tests.SubmitOrderTest@150ab4ed]" started-at="2024-05-15T08:15:24 IST" name="teardown" finished-at="2024-05-15T08:15:24 IST" duration-ms="99" status="PASS">
          <reporter-output>
          </reporter-output>
        </test-method> <!-- teardown -->
        <test-method is-config="true" signature="launchApplication()[pri:0, instance:SeleniumFramework.tests.SubmitOrderTest@150ab4ed]" started-at="2024-05-15T08:15:24 IST" name="launchApplication" finished-at="2024-05-15T08:15:26 IST" duration-ms="2286" status="PASS">
          <reporter-output>
          </reporter-output>
        </test-method> <!-- launchApplication -->
        <test-method signature="SubmitOrder(java.util.HashMap)[pri:0, instance:SeleniumFramework.tests.SubmitOrderTest@150ab4ed]" started-at="2024-05-15T08:15:26 IST" name="SubmitOrder" data-provider="getData1" finished-at="2024-05-15T08:15:40 IST" duration-ms="14422" status="PASS">
          <params>
            <param index="0">
              <value>
                <![CDATA[{pwd=Test@123, Username=ss123@gmail.com, productName=ADIDAS ORIGINAL}]]>
              </value>
            </param>
          </params>
          <reporter-output>
          </reporter-output>
        </test-method> <!-- SubmitOrder -->
        <test-method is-config="true" signature="teardown()[pri:0, instance:SeleniumFramework.tests.SubmitOrderTest@150ab4ed]" started-at="2024-05-15T08:15:40 IST" name="teardown" finished-at="2024-05-15T08:15:41 IST" duration-ms="221" status="PASS">
          <reporter-output>
          </reporter-output>
        </test-method> <!-- teardown -->
        <test-method is-config="true" signature="launchApplication()[pri:0, instance:SeleniumFramework.tests.SubmitOrderTest@150ab4ed]" started-at="2024-05-15T08:15:41 IST" name="launchApplication" finished-at="2024-05-15T08:15:44 IST" duration-ms="2907" status="PASS">
          <reporter-output>
          </reporter-output>
        </test-method> <!-- launchApplication -->
        <test-method signature="Ordervalidation()[pri:0, instance:SeleniumFramework.tests.SubmitOrderTest@150ab4ed]" started-at="2024-05-15T08:15:44 IST" name="Ordervalidation" finished-at="2024-05-15T08:15:44 IST" depends-on-methods="SeleniumFramework.tests.SubmitOrderTest.SubmitOrder" duration-ms="685" status="PASS">
          <reporter-output>
          </reporter-output>
        </test-method> <!-- Ordervalidation -->
        <test-method is-config="true" signature="teardown()[pri:0, instance:SeleniumFramework.tests.SubmitOrderTest@150ab4ed]" started-at="2024-05-15T08:15:44 IST" name="teardown" finished-at="2024-05-15T08:15:44 IST" duration-ms="184" status="PASS">
          <reporter-output>
          </reporter-output>
        </test-method> <!-- teardown -->
      </class> <!-- SeleniumFramework.tests.SubmitOrderTest -->
    </test> <!-- Default test -->
  </suite> <!-- Default suite -->
</testng-results>
